<?xml version="1.0" encoding="UTF-8"?>
<!-- Generated by org.testng.reporters.JUnitXMLReporter -->
<testsuite hostname="KhajaZakiUddin" name="Default test" tests="6" failures="0" timestamp="21 Mar 2019 23:42:32 GMT" time="213.467" errors="0">
  <testcase name="verifyContactsLabelTest" time="0.065" classname="com.crm.qa.testcases.ContactsPageTest"/>
  <testcase name="selectSingleContactsByNameTest" time="2.189" classname="com.crm.qa.testcases.ContactsPageTest"/>
  <testcase name="selectMultipleContactsByNameTest" time="2.382" classname="com.crm.qa.testcases.ContactsPageTest"/>
  <testcase name="createNewContactsTest" time="7.719" classname="com.crm.qa.testcases.ContactsPageTest"/>
  <testcase name="createNewContactsTest" time="6.295" classname="com.crm.qa.testcases.ContactsPageTest"/>
  <testcase name="createNewContactsTest" time="5.45" classname="com.crm.qa.testcases.ContactsPageTest"/>
</testsuite> <!-- Default test -->
